<?xml version="1.0" encoding="UTF-8"?>
<!-- Generated by org.testng.reporters.JUnitXMLReporter -->
<testsuite hostname="Apple-no-MacBook-Pro.local" ignored="0" name="Default test" tests="1" failures="0" timestamp="29 Apr 2019 11:26:07 GMT" time="0.028" errors="0">
  <testcase name="@BeforeSuite beforeSuite" time="0.0" classname="com.framework.testscrips.TestSuite">
    <failure type="org.testng.TestNGException" message="
Parameter &amp;apos;typeName&amp;apos; is required by BeforeSuite on method beforeSuite but has not been marked @Optional or defined
in /private/var/folders/kq/6_sj46s90gs6sk8vj_0y2n1w0000gn/T/testng-eclipse-2023638645/testng-customsuite.xml">
      <![CDATA[org.testng.TestNGException: 
Parameter 'typeName' is required by BeforeSuite on method beforeSuite but has not been marked @Optional or defined
in /private/var/folders/kq/6_sj46s90gs6sk8vj_0y2n1w0000gn/T/testng-eclipse-2023638645/testng-customsuite.xml
at org.testng.internal.Parameters.createParams(Parameters.java:290)
at org.testng.internal.Parameters.createParametersForMethod(Parameters.java:359)
at org.testng.internal.Parameters.createParameters(Parameters.java:620)
at org.testng.internal.Parameters.createConfigurationParameters(Parameters.java:190)
at org.testng.internal.Invoker.invokeConfigurations(Invoker.java:209)
at org.testng.internal.Invoker.invokeConfigurations(Invoker.java:142)
at org.testng.SuiteRunner.privateRun(SuiteRunner.java:401)
at org.testng.SuiteRunner.run(SuiteRunner.java:364)
at org.testng.SuiteRunnerWorker.runSuite(SuiteRunnerWorker.java:52)
at org.testng.SuiteRunnerWorker.run(SuiteRunnerWorker.java:84)
at org.testng.TestNG.runSuitesSequentially(TestNG.java:1208)
at org.testng.TestNG.runSuitesLocally(TestNG.java:1137)
at org.testng.TestNG.runSuites(TestNG.java:1049)
at org.testng.TestNG.run(TestNG.java:1017)
at org.testng.remote.AbstractRemoteTestNG.run(AbstractRemoteTestNG.java:115)
at org.testng.remote.RemoteTestNG.initAndRun(RemoteTestNG.java:251)
at org.testng.remote.RemoteTestNG.main(RemoteTestNG.java:77)
]]>
    </failure>
  </testcase> <!-- @BeforeSuite beforeSuite -->
  <testcase name="testcase1" time="0.0" classname="com.framework.testscrips.GoogleHomePageTC">
    <skipped/>
  </testcase> <!-- testcase1 -->
</testsuite> <!-- Default test -->
